This is pdfTeX, Version 3.141592653-2.6-1.40.25 (MiKTeX 23.10.12) (preloaded format=pdflatex 2023.11.22)  8 JAN 2024 11:39
entering extended mode
 restricted \write18 enabled.
 file:line:error style messages enabled.
 %&-line parsing enabled.
**c:/Proiect-Retele-E2/tema2.tex
(c:/Proiect-Retele-E2/tema2.tex
LaTeX2e <2023-11-01>
L3 programming layer <2023-11-09>
(D:\Perl\Miktex\tex/latex/llncs\llncs.cls
Document Class: llncs 2023/11/02 v2.23 
 LaTeX document class for Lecture Notes in Computer Science
(D:\Perl\Miktex\tex/latex/base\article.cls
Document Class: article 2023/05/17 v1.4n Standard LaTeX document class
(D:\Perl\Miktex\tex/latex/base\size10.clo
File: size10.clo 2023/05/17 v1.4n Standard LaTeX file (size option)
)
\c@part=\count186
\c@section=\count187
\c@subsection=\count188
\c@subsubsection=\count189
\c@paragraph=\count190
\c@subparagraph=\count191
\c@figure=\count192
\c@table=\count193
\abovecaptionskip=\skip48
\belowcaptionskip=\skip49
\bibindent=\dimen140
) (D:\Perl\Miktex\tex/latex/tools\multicol.sty
Package: multicol 2023/03/30 v1.9f multicolumn formatting (FMi)
\c@tracingmulticols=\count194
\mult@box=\box51
\multicol@leftmargin=\dimen141
\c@unbalance=\count195
\c@collectmore=\count196
\doublecol@number=\count197
\multicoltolerance=\count198
\multicolpretolerance=\count199
\full@width=\dimen142
\page@free=\dimen143
\premulticols=\dimen144
\postmulticols=\dimen145
\multicolsep=\skip50
\multicolbaselineskip=\skip51
\partial@page=\box52
\last@line=\box53
\mc@boxedresult=\box54
\maxbalancingoverflow=\dimen146
\mult@rightbox=\box55
\mult@grightbox=\box56
\mult@firstbox=\box57
\mult@gfirstbox=\box58
\@tempa=\box59
\@tempa=\box60
\@tempa=\box61
\@tempa=\box62
\@tempa=\box63
\@tempa=\box64
\@tempa=\box65
\@tempa=\box66
\@tempa=\box67
\@tempa=\box68
\@tempa=\box69
\@tempa=\box70
\@tempa=\box71
\@tempa=\box72
\@tempa=\box73
\@tempa=\box74
\@tempa=\box75
\@tempa=\box76
\@tempa=\box77
\@tempa=\box78
\@tempa=\box79
\@tempa=\box80
\@tempa=\box81
\@tempa=\box82
\@tempa=\box83
\@tempa=\box84
\@tempa=\box85
\@tempa=\box86
\@tempa=\box87
\@tempa=\box88
\@tempa=\box89
\@tempa=\box90
\@tempa=\box91
\@tempa=\box92
\@tempa=\box93
\@tempa=\box94
\c@minrows=\count266
\c@columnbadness=\count267
\c@finalcolumnbadness=\count268
\last@try=\dimen147
\multicolovershoot=\dimen148
\multicolundershoot=\dimen149
\mult@nat@firstbox=\box95
\colbreak@box=\box96
\mc@col@check@num=\count269
) (D:\Perl\Miktex\tex/latex/oberdiek\aliascnt.sty
Package: aliascnt 2018/09/07 v1.5 Alias counters (HO)
)
\c@chapter=\count270
LaTeX Font Info:    Redeclaring math symbol \Gamma on input line 379.
LaTeX Font Info:    Redeclaring math symbol \Delta on input line 380.
LaTeX Font Info:    Redeclaring math symbol \Theta on input line 381.
LaTeX Font Info:    Redeclaring math symbol \Lambda on input line 382.
LaTeX Font Info:    Redeclaring math symbol \Xi on input line 383.
LaTeX Font Info:    Redeclaring math symbol \Pi on input line 384.
LaTeX Font Info:    Redeclaring math symbol \Sigma on input line 385.
LaTeX Font Info:    Redeclaring math symbol \Upsilon on input line 386.
LaTeX Font Info:    Redeclaring math symbol \Phi on input line 387.
LaTeX Font Info:    Redeclaring math symbol \Psi on input line 388.
LaTeX Font Info:    Redeclaring math symbol \Omega on input line 389.
LaTeX Info: Redefining \vec on input line 394.
\tocchpnum=\dimen150
\tocsecnum=\dimen151
\tocsectotal=\dimen152
\tocsubsecnum=\dimen153
\tocsubsectotal=\dimen154
\tocsubsubsecnum=\dimen155
\tocsubsubsectotal=\dimen156
\tocparanum=\dimen157
\tocparatotal=\dimen158
\tocsubparanum=\dimen159
\@tempcntc=\count271
\fnindent=\dimen160
\c@@inst=\count272
\c@@auth=\count273
\c@auco=\count274
\instindent=\dimen161
\authrun=\box97
\authorrunning=\toks17
\tocauthor=\toks18
\titrun=\box98
\titlerunning=\toks19
\toctitle=\toks20
\c@theorem=\count275
\c@case=\count276
\c@conjecture=\count277
\c@corollary=\count278
\c@definition=\count279
\c@example=\count280
\c@exercise=\count281
\c@lemma=\count282
\c@note=\count283
\c@problem=\count284
\c@property=\count285
\c@proposition=\count286
\c@question=\count287
\c@solution=\count288
\c@remark=\count289
\headlineindent=\dimen162
) (D:\Perl\Miktex\tex/latex/base\inputenc.sty
Package: inputenc 2021/02/14 v1.3d Input encoding file
\inpenc@prehook=\toks21
\inpenc@posthook=\toks22
) (D:\Perl\Miktex\tex/latex/hyperref\hyperref.sty
Package: hyperref 2023-11-09 v7.01f Hypertext links for LaTeX
 (D:\Perl\Miktex\tex/generic/ltxcmds\ltxcmds.sty
Package: ltxcmds 2020-05-10 v1.25 LaTeX kernel commands for general use (HO)
) (D:\Perl\Miktex\tex/generic/iftex\iftex.sty
Package: iftex 2022/02/03 v1.0f TeX engine tests
) (D:\Perl\Miktex\tex/generic/pdftexcmds\pdftexcmds.sty
Package: pdftexcmds 2020-06-27 v0.33 Utility functions of pdfTeX for LuaTeX (HO)
 (D:\Perl\Miktex\tex/generic/infwarerr\infwarerr.sty
Package: infwarerr 2019/12/03 v1.5 Providing info/warning/error messages (HO)
)
Package pdftexcmds Info: \pdf@primitive is available.
Package pdftexcmds Info: \pdf@ifprimitive is available.
Package pdftexcmds Info: \pdfdraftmode found.
) (D:\Perl\Miktex\tex/latex/graphics\keyval.sty
Package: keyval 2022/05/29 v1.15 key=value parser (DPC)
\KV@toks@=\toks23
) (D:\Perl\Miktex\tex/latex/kvsetkeys\kvsetkeys.sty
Package: kvsetkeys 2022-10-05 v1.19 Key value parser (HO)
) (D:\Perl\Miktex\tex/generic/kvdefinekeys\kvdefinekeys.sty
Package: kvdefinekeys 2019-12-19 v1.6 Define keys (HO)
) (D:\Perl\Miktex\tex/generic/pdfescape\pdfescape.sty
Package: pdfescape 2019/12/09 v1.15 Implements pdfTeX's escape features (HO)
) (D:\Perl\Miktex\tex/latex/hycolor\hycolor.sty
Package: hycolor 2020-01-27 v1.10 Color options for hyperref/bookmark (HO)
) (D:\Perl\Miktex\tex/latex/letltxmacro\letltxmacro.sty
Package: letltxmacro 2019/12/03 v1.6 Let assignment for LaTeX macros (HO)
) (D:\Perl\Miktex\tex/latex/auxhook\auxhook.sty
Package: auxhook 2019-12-17 v1.6 Hooks for auxiliary files (HO)
) (D:\Perl\Miktex\tex/latex/hyperref\nameref.sty
Package: nameref 2023-11-09 v2.55 Cross-referencing by name of section
 (D:\Perl\Miktex\tex/latex/refcount\refcount.sty
Package: refcount 2019/12/15 v3.6 Data extraction from label references (HO)
) (D:\Perl\Miktex\tex/generic/gettitlestring\gettitlestring.sty
Package: gettitlestring 2019/12/15 v1.6 Cleanup title references (HO)
 (D:\Perl\Miktex\tex/latex/kvoptions\kvoptions.sty
Package: kvoptions 2022-06-15 v3.15 Key value format for package options (HO)
))
\c@section@level=\count290
) (D:\Perl\Miktex\tex/latex/etoolbox\etoolbox.sty
Package: etoolbox 2020/10/05 v2.5k e-TeX tools for LaTeX (JAW)
\etb@tempcnta=\count291
)
\@linkdim=\dimen163
\Hy@linkcounter=\count292
\Hy@pagecounter=\count293
 (D:\Perl\Miktex\tex/latex/hyperref\pd1enc.def
File: pd1enc.def 2023-11-09 v7.01f Hyperref: PDFDocEncoding definition (HO)
Now handling font encoding PD1 ...
... no UTF-8 mapping file for font encoding PD1
) (D:\Perl\Miktex\tex/generic/intcalc\intcalc.sty
Package: intcalc 2019/12/15 v1.3 Expandable calculations with integers (HO)
)
\Hy@SavedSpaceFactor=\count294
 (D:\Perl\Miktex\tex/latex/hyperref\puenc.def
File: puenc.def 2023-11-09 v7.01f Hyperref: PDF Unicode definition (HO)
Now handling font encoding PU ...
... no UTF-8 mapping file for font encoding PU
)
Package hyperref Info: Hyper figures OFF on input line 4171.
Package hyperref Info: Link nesting OFF on input line 4176.
Package hyperref Info: Hyper index ON on input line 4179.
Package hyperref Info: Plain pages OFF on input line 4186.
Package hyperref Info: Backreferencing OFF on input line 4191.
Package hyperref Info: Implicit mode ON; LaTeX internals redefined.
Package hyperref Info: Bookmarks ON on input line 4438.
\c@Hy@tempcnt=\count295
 (D:\Perl\Miktex\tex/latex/url\url.sty
\Urlmuskip=\muskip16
Package: url 2013/09/16  ver 3.4  Verb mode for urls, etc.
)
LaTeX Info: Redefining \url on input line 4776.
\XeTeXLinkMargin=\dimen164
 (D:\Perl\Miktex\tex/generic/bitset\bitset.sty
Package: bitset 2019/12/09 v1.3 Handle bit-vector datatype (HO)
 (D:\Perl\Miktex\tex/generic/bigintcalc\bigintcalc.sty
Package: bigintcalc 2019/12/15 v1.5 Expandable calculations on big integers (HO)
))
\Fld@menulength=\count296
\Field@Width=\dimen165
\Fld@charsize=\dimen166
Package hyperref Info: Hyper figures OFF on input line 6055.
Package hyperref Info: Link nesting OFF on input line 6060.
Package hyperref Info: Hyper index ON on input line 6063.
Package hyperref Info: backreferencing OFF on input line 6070.
Package hyperref Info: Link coloring OFF on input line 6075.
Package hyperref Info: Link coloring with OCG OFF on input line 6080.
Package hyperref Info: PDF/A mode OFF on input line 6085.
 (D:\Perl\Miktex\tex/latex/base\atbegshi-ltx.sty
Package: atbegshi-ltx 2021/01/10 v1.0c Emulation of the original atbegshi
package with kernel methods
)
\Hy@abspage=\count297
\c@Item=\count298
\c@Hfootnote=\count299
)
Package hyperref Info: Driver (autodetected): hpdftex.
 (D:\Perl\Miktex\tex/latex/hyperref\hpdftex.def
File: hpdftex.def 2023-11-09 v7.01f Hyperref driver for pdfTeX
 (D:\Perl\Miktex\tex/latex/base\atveryend-ltx.sty
Package: atveryend-ltx 2020/08/19 v1.0a Emulation of the original atveryend package
with kernel methods
)
\Fld@listcount=\count300
\c@bookmark@seq@number=\count301
 (D:\Perl\Miktex\tex/latex/rerunfilecheck\rerunfilecheck.sty
Package: rerunfilecheck 2022-07-10 v1.10 Rerun checks for auxiliary files (HO)
 (D:\Perl\Miktex\tex/generic/uniquecounter\uniquecounter.sty
Package: uniquecounter 2019/12/15 v1.4 Provide unlimited unique counter (HO)
)
Package uniquecounter Info: New unique counter `rerunfilecheck' on input line 285.
)
\Hy@SectionHShift=\skip52
) (D:\Perl\Miktex\tex/latex/algorithms\algorithmic.sty
Package: algorithmic 2009/08/24 v0.1 Document Style `algorithmic'
 (D:\Perl\Miktex\tex/latex/base\ifthen.sty
Package: ifthen 2022/04/13 v1.1d Standard LaTeX ifthen package (DPC)
)
\c@ALC@unique=\count302
\c@ALC@line=\count303
\c@ALC@rem=\count304
\c@ALC@depth=\count305
\ALC@tlm=\skip53
\algorithmicindent=\skip54
) (D:\Perl\Miktex\tex/latex/graphics\graphicx.sty
Package: graphicx 2021/09/16 v1.2d Enhanced LaTeX Graphics (DPC,SPQR)
 (D:\Perl\Miktex\tex/latex/graphics\graphics.sty
Package: graphics 2022/03/10 v1.4e Standard LaTeX Graphics (DPC,SPQR)
 (D:\Perl\Miktex\tex/latex/graphics\trig.sty
Package: trig 2021/08/11 v1.11 sin cos tan (DPC)
) (D:\Perl\Miktex\tex/latex/graphics-cfg\graphics.cfg
File: graphics.cfg 2016/06/04 v1.11 sample graphics configuration
)
Package graphics Info: Driver file: pdftex.def on input line 107.
 (D:\Perl\Miktex\tex/latex/graphics-def\pdftex.def
File: pdftex.def 2022/09/22 v1.2b Graphics/color driver for pdftex
))
\Gin@req@height=\dimen167
\Gin@req@width=\dimen168
) (D:\Perl\Miktex\tex/latex/animate\animate.sty
Package: animate 2023/06/18 PDF & SVG animations from files and inline graphics
 (D:\Perl\Miktex\tex/latex/oberdiek\ifdraft.sty
Package: ifdraft 2016/05/16 v1.4 Detect class options draft and final (HO)
) (D:\Perl\Miktex\tex/latex/tools\calc.sty
Package: calc 2023/07/08 v4.3 Infix arithmetic (KKT,FJ)
\calc@Acount=\count306
\calc@Bcount=\count307
\calc@Adimen=\dimen169
\calc@Bdimen=\dimen170
\calc@Askip=\skip55
\calc@Bskip=\skip56
LaTeX Info: Redefining \setlength on input line 80.
LaTeX Info: Redefining \addtolength on input line 81.
\calc@Ccount=\count308
\calc@Cskip=\skip57
) (D:\Perl\Miktex\tex/latex/media9\pdfbase.sty
Package: pdfbase 2022/08/04 v0.55 driver independent access to low-level PDF features
 (D:\Perl\Miktex\tex/latex/l3backend\l3backend-pdftex.def
File: l3backend-pdftex.def 2023-11-09 L3 backend support: PDF output (pdfTeX)
\l__color_backend_stack_int=\count309
\l__pdf_internal_box=\box99
)
\g_pbs_page_int=\count310
\g_pbs_oc_int=\count311
) (D:\Perl\Miktex\tex/latex/zref\zref-abspage.sty
Package: zref-abspage 2023-09-14 v2.35 Module abspage for zref (HO)
 (D:\Perl\Miktex\tex/latex/zref\zref-base.sty
Package: zref-base 2023-09-14 v2.35 Module base for zref (HO)
 (D:\Perl\Miktex\tex/generic/etexcmds\etexcmds.sty
Package: etexcmds 2019/12/15 v1.7 Avoid name clashes with e-TeX commands (HO)
)
Package zref Info: New property list: main on input line 767.
Package zref Info: New property: default on input line 768.
Package zref Info: New property: page on input line 769.
)
\c@abspage=\count312
Package zref Info: New property: abspage on input line 67.
) (D:\Perl\Miktex\tex/latex/ocgx2\ocgbase.sty
Package: ocgbase 2022/08/04 v0.22 support package for ocgx2.sty
\g_ocgbase_nd_int=\count313
)
\@anim@box=\box100
\@anim@measbox=\box101
\@anim@tmpdima=\dimen171
\@anim@tmpdimb=\dimen172
\@anim@num=\count314
\@anim@curframe=\count315
\@anim@curframe@zb=\count316
\@anim@resizeflags=\count317
\@anim@skipfram=\count318
\@anim@mulframecnt=\count319
\@anim@@tmlnfile=\read2
\@anim@tmpcnt=\count320
\c@@anim@ltxcnt=\count321
\@anim@curlayer=\count322
\@anim@lineno=\count323
\@anim@curfield=\count324
\@anim@@resizeflags=\count325
) (D:\Perl\Miktex\tex/latex/listings\listings.sty
\lst@mode=\count326
\lst@gtempboxa=\box102
\lst@token=\toks24
\lst@length=\count327
\lst@currlwidth=\dimen173
\lst@column=\count328
\lst@pos=\count329
\lst@lostspace=\dimen174
\lst@width=\dimen175
\lst@newlines=\count330
\lst@lineno=\count331
\lst@maxwidth=\dimen176
 (D:\Perl\Miktex\tex/latex/listings\lstmisc.sty
File: lstmisc.sty 2023/02/27 1.9 (Carsten Heinz)
\c@lstnumber=\count332
\lst@skipnumbers=\count333
\lst@framebox=\box103
) (D:\Perl\Miktex\tex/latex/listings\listings.cfg
File: listings.cfg 2023/02/27 1.9 listings configuration
))
Package: listings 2023/02/27 1.9 (Carsten Heinz)
 (D:\Perl\Miktex\tex/latex/graphics\color.sty
Package: color 2022/01/06 v1.3d Standard LaTeX Color (DPC)
 (D:\Perl\Miktex\tex/latex/graphics-cfg\color.cfg
File: color.cfg 2016/01/02 v1.6 sample color configuration
)
Package color Info: Driver file: pdftex.def on input line 149.
 (D:\Perl\Miktex\tex/latex/graphics\mathcolor.ltx))
Package hyperref Info: Option `colorlinks' set `true' on input line 21.
 (D:\Perl\Miktex\tex/latex/listings\lstlang1.sty
File: lstlang1.sty 2023/02/27 1.9 listings language file
) (D:\Perl\Miktex\tex/latex/listings\lstlang1.sty
File: lstlang1.sty 2023/02/27 1.9 listings language file
) (D:\Perl\Miktex\tex/latex/listings\lstmisc.sty
File: lstmisc.sty 2023/02/27 1.9 (Carsten Heinz)
) (tema2.aux

LaTeX Warning: Label `fig:yourlabel' multiply defined.


LaTeX Warning: Label `fig:yourlabel' multiply defined.


LaTeX Warning: Label `ref_article1' multiply defined.


LaTeX Warning: Label `ref_article1' multiply defined.


LaTeX Warning: Label `ref_article3' multiply defined.

)
\openout1 = `tema2.aux'.

LaTeX Font Info:    Checking defaults for OML/cmm/m/it on input line 47.
LaTeX Font Info:    ... okay on input line 47.
LaTeX Font Info:    Checking defaults for OMS/cmsy/m/n on input line 47.
LaTeX Font Info:    ... okay on input line 47.
LaTeX Font Info:    Checking defaults for OT1/cmr/m/n on input line 47.
LaTeX Font Info:    ... okay on input line 47.
LaTeX Font Info:    Checking defaults for T1/cmr/m/n on input line 47.
LaTeX Font Info:    ... okay on input line 47.
LaTeX Font Info:    Checking defaults for TS1/cmr/m/n on input line 47.
LaTeX Font Info:    ... okay on input line 47.
LaTeX Font Info:    Checking defaults for OMX/cmex/m/n on input line 47.
LaTeX Font Info:    ... okay on input line 47.
LaTeX Font Info:    Checking defaults for U/cmr/m/n on input line 47.
LaTeX Font Info:    ... okay on input line 47.
LaTeX Font Info:    Checking defaults for PD1/pdf/m/n on input line 47.
LaTeX Font Info:    ... okay on input line 47.
LaTeX Font Info:    Checking defaults for PU/pdf/m/n on input line 47.
LaTeX Font Info:    ... okay on input line 47.
Package hyperref Info: Link coloring ON on input line 47.
 (tema2.out) (tema2.out)
\@outlinefile=\write3
\openout3 = `tema2.out'.

 (D:\Perl\Miktex\tex/context/base/mkii\supp-pdf.mkii
[Loading MPS to PDF converter (version 2006.09.02).]
\scratchcounter=\count334
\scratchdimen=\dimen177
\scratchbox=\box104
\nofMPsegments=\count335
\nofMParguments=\count336
\everyMPshowfont=\toks25
\MPscratchCnt=\count337
\MPscratchDim=\dimen178
\MPnumerator=\count338
\makeMPintoPDFobject=\count339
\everyMPtoPDFconversion=\toks26
) (D:\Perl\Miktex\tex/latex/epstopdf-pkg\epstopdf-base.sty
Package: epstopdf-base 2020-01-24 v2.11 Base part for package epstopdf
Package epstopdf-base Info: Redefining graphics rule for `.eps' on input line 485.
 (D:\Perl\Miktex\tex/latex/00miktex\epstopdf-sys.cfg
File: epstopdf-sys.cfg 2021/03/18 v2.0 Configuration of epstopdf for MiKTeX
))
\c@lstlisting=\count340
LaTeX Font Info:    External font `cmex10' loaded for size
(Font)              <14.4> on input line 60.
LaTeX Font Info:    External font `cmex10' loaded for size
(Font)              <7> on input line 60.
LaTeX Font Info:    External font `cmex10' loaded for size
(Font)              <5> on input line 60.
LaTeX Font Info:    External font `cmex10' loaded for size
(Font)              <9> on input line 60.
LaTeX Font Info:    External font `cmex10' loaded for size
(Font)              <6> on input line 60.


Package hyperref Warning: Token not allowed in a PDF string (Unicode):
(hyperref)                removing `\unskip' on input line 60.


Underfull \hbox (badness 10000) in paragraph at lines 70--72

 []


Underfull \hbox (badness 10000) in paragraph at lines 73--77

 []


Underfull \hbox (badness 10000) in paragraph at lines 78--80

 []


Underfull \hbox (badness 10000) in paragraph at lines 93--95

 []

[1

{C:/Users/chinez/AppData/Local/MiKTeX/fonts/map/pdftex/pdftex.map}]
Underfull \hbox (badness 10000) in paragraph at lines 98--100

 []

<./imagini/tcp.png, id=25, 1100.11pt x 888.31876pt>
File: ./imagini/tcp.png Graphic file (type png)
<use ./imagini/tcp.png>
Package pdftex.def Info: ./imagini/tcp.png  used on input line 103.
(pdftex.def)             Requested size: 517.05177pt x 417.50987pt.

Overfull \hbox (84.65721pt too wide) in paragraph at lines 102--104
[]  [] 
 []

[2 <./imagini/tcp.png>]
<./imagini/uml.png, id=35, 623.32875pt x 643.40375pt>
File: ./imagini/uml.png Graphic file (type png)
<use ./imagini/uml.png>
Package pdftex.def Info: ./imagini/uml.png  used on input line 115.
(pdftex.def)             Requested size: 329.74443pt x 340.36423pt.
 [3 <./imagini/uml.png>]
Underfull \hbox (badness 10000) in paragraph at lines 122--124

 []


Overfull \hbox (19.96051pt too wide) in paragraph at lines 132--133
\OT1/cmr/m/n/10 spec-tiv, pre-lu-crarea informa[]iilor []i trim-iterea unui r^^Uaspuns. Folosirea multithreading-
 []


Underfull \hbox (badness 10000) in paragraph at lines 134--136

 []

LaTeX Font Info:    External font `cmex10' loaded for size
(Font)              <12> on input line 137.
LaTeX Font Info:    External font `cmex10' loaded for size
(Font)              <8> on input line 137.
<./imagini/camera.png, id=44, 612.03656pt x 104.64093pt>
File: ./imagini/camera.png Graphic file (type png)
<use ./imagini/camera.png>
Package pdftex.def Info: ./imagini/camera.png  used on input line 143.
(pdftex.def)             Requested size: 287.65723pt x 49.18123pt.

Underfull \hbox (badness 10000) in paragraph at lines 145--147

 []

<./imagini/camera2.png, id=45, 391.4625pt x 270.25969pt>
File: ./imagini/camera2.png Graphic file (type png)
<use ./imagini/camera2.png>
Package pdftex.def Info: ./imagini/camera2.png  used on input line 154.
(pdftex.def)             Requested size: 164.80736pt x 113.78046pt.
[4 <./imagini/camera.png> <./imagini/camera2.png>]
<./imagini/camera3.png, id=55, 612.03656pt x 105.39375pt>
File: ./imagini/camera3.png Graphic file (type png)
<use ./imagini/camera3.png>
Package pdftex.def Info: ./imagini/camera3.png  used on input line 164.
(pdftex.def)             Requested size: 367.22476pt x 63.23672pt.

Overfull \hbox (14.12674pt too wide) in paragraph at lines 163--165
[]  [] 
 []


Underfull \hbox (badness 10000) in paragraph at lines 167--169

 []


Underfull \hbox (badness 10000) in paragraph at lines 167--169

 []


Underfull \hbox (badness 10000) in paragraph at lines 170--173

 []


Underfull \hbox (badness 10000) in paragraph at lines 174--176

 []


Underfull \hbox (badness 10000) in paragraph at lines 177--179

 []


Underfull \hbox (badness 10000) in paragraph at lines 180--182

 []

[5 <./imagini/camera3.png>]
Underfull \hbox (badness 10000) in paragraph at lines 184--186

 []


Overfull \hbox (10.37706pt too wide) in paragraph at lines 187--189
[]\OT1/cmr/m/n/10 Clientul reprezint^^Ua aplica[]ia prin care uti-liza-torul poate interac[]iona cu serverul,
 []

<./imagini/camera4.png, id=62, 1224.82594pt x 508.14844pt>
File: ./imagini/camera4.png Graphic file (type png)
<use ./imagini/camera4.png>
Package pdftex.def Info: ./imagini/camera4.png  used on input line 201.
(pdftex.def)             Requested size: 465.43869pt x 193.0984pt.

Overfull \hbox (67.17175pt too wide) in paragraph at lines 200--202
[]  [] 
 []

[6 <./imagini/camera4.png>]
Underfull \hbox (badness 10000) in paragraph at lines 207--209

 []


Underfull \hbox (badness 10000) in paragraph at lines 213--215

 []


Overfull \hbox (12.12704pt too wide) in paragraph at lines 235--236
[][][][][][][][][][][][][] 
 []


Overfull \hbox (48.82639pt too wide) in paragraph at lines 241--242
[][][][][][][][][][][][][][][][]  
 []


Overfull \hbox (77.17606pt too wide) in paragraph at lines 243--244
[][][][][][][][][][][][][] 
 []

[7]
Underfull \hbox (badness 10000) in paragraph at lines 252--254

 []


Underfull \hbox (badness 10000) in paragraph at lines 259--262

 []

[8
pdfTeX warning (ext4): destination with the same identifier (name{cite.ref_article1}) has been already used, duplicate ignored
<argument> ...shipout:D \box_use:N \l_shipout_box 
                                                  \__shipout_drop_firstpage_...
l.292 \end{document}
                    
pdfTeX warning (ext4): destination with the same identifier (name{cite.ref_article1}) has been already used, duplicate ignored
<argument> ...shipout:D \box_use:N \l_shipout_box 
                                                  \__shipout_drop_firstpage_...
l.292 \end{document}
                    
pdfTeX warning (ext4): destination with the same identifier (name{cite.ref_article3}) has been already used, duplicate ignored
<argument> ...shipout:D \box_use:N \l_shipout_box 
                                                  \__shipout_drop_firstpage_...
l.292 \end{document}
                    ] (tema2.aux)
 ***********
LaTeX2e <2023-11-01>
L3 programming layer <2023-11-09>
 ***********


LaTeX Warning: There were multiply-defined labels.

Package rerunfilecheck Info: File `tema2.out' has not changed.
(rerunfilecheck)             Checksum: 5CAC9C2C69450C16BABBE95C22FA1ED7;151.
 ) 
Here is how much of TeX's memory you used:
 12390 strings out of 474586
 193465 string characters out of 5759739
 1967558 words of memory out of 5000000
 34364 multiletter control sequences out of 15000+600000
 569888 words of font info for 75 fonts, out of 8000000 for 9000
 1141 hyphenation exceptions out of 8191
 76i,8n,80p,402b,1269s stack positions out of 10000i,1000n,20000p,200000b,200000s
 <C:\Users\chinez\AppData\Local\MiKTeX\fonts/pk/ljfour/jknappen/ec/dpi600\tcrm0900.pk><D:/Perl/Miktex/fonts/type1/public/amsfonts/cm/cmbx10.pfb><D:/Perl/Miktex/fonts/type1/public/amsfonts/cm/cmbx12.pfb><D:/Perl/Miktex/fonts/type1/public/amsfonts/cm/cmbx5.pfb><D:/Perl/Miktex/fonts/type1/public/amsfonts/cm/cmbx6.pfb><D:/Perl/Miktex/fonts/type1/public/amsfonts/cm/cmbx7.pfb><D:/Perl/Miktex/fonts/type1/public/amsfonts/cm/cmbx9.pfb><D:/Perl/Miktex/fonts/type1/public/amsfonts/cm/cmmi6.pfb><D:/Perl/Miktex/fonts/type1/public/amsfonts/cm/cmmib10.pfb><D:/Perl/Miktex/fonts/type1/public/amsfonts/cm/cmr10.pfb><D:/Perl/Miktex/fonts/type1/public/amsfonts/cm/cmr12.pfb><D:/Perl/Miktex/fonts/type1/public/amsfonts/cm/cmr5.pfb><D:/Perl/Miktex/fonts/type1/public/amsfonts/cm/cmr6.pfb><D:/Perl/Miktex/fonts/type1/public/amsfonts/cm/cmr9.pfb><D:/Perl/Miktex/fonts/type1/public/amsfonts/cm/cmsy6.pfb><D:/Perl/Miktex/fonts/type1/public/amsfonts/cm/cmtt9.pfb>
Output written on tema2.pdf (8 pages, 374022 bytes).
PDF statistics:
 205 PDF objects out of 1000 (max. 8388607)
 48 named destinations out of 1000 (max. 500000)
 39 words of extra memory for PDF output out of 10000 (max. 10000000)

